# JRE version: OpenJDK Runtime Environment (21.0.2+13) (build 21.0.2+13-58)
# Java VM: OpenJDK 64-Bit Server VM (21.0.2+13-58, mixed mode, sharing, tiered, compressed oops, compressed class ptrs, g1 gc, windows-amd64)
GC Precious Log:
 CardTable entry size: 512
 Card Set container configuration: InlinePtr #cards 4 size 8 Array Of Cards #cards 32 size 80 Howl #buckets 8 coarsen threshold 7372 Howl Bitmap #cards 1024 size 144 coarsen threshold 921 Card regions per heap region 1 cards per card region 8192
 CPUs: 32 total, 32 available
 Memory: 32605M
 Large Page Support: Disabled
 NUMA Support: Disabled
 Compressed Oops: Enabled (Zero based)
 Heap Region Size: 4M
 Heap Min Capacity: 8M
 Heap Initial Capacity: 512M
 Heap Max Capacity: 8152M
 Pre-touch: Disabled
 Parallel Workers: 23
 Concurrent Workers: 6
 Concurrent Refinement Workers: 23
 Periodic GC: Disabled
Heap:
 garbage-first heap   total 655360K, used 408259K [0x0000000602800000, 0x0000000800000000)
  region size 4096K, 27 young (110592K), 6 survivors (24576K)
 Metaspace       used 106446K, committed 107776K, reserved 1179648K
  class space    used 15665K, committed 16256K, reserved 1048576K
GC Heap History (20 events):
Event: 5.592 GC heap before
{Heap before GC invocations=24 (full 0):
 garbage-first heap   total 450560K, used 403675K [0x0000000602800000, 0x0000000800000000)
  region size 4096K, 55 young (225280K), 5 survivors (20480K)
 Metaspace       used 78009K, committed 79104K, reserved 1179648K
  class space    used 11478K, committed 11968K, reserved 1048576K
}
Event: 5.596 GC heap after
{Heap after GC invocations=25 (full 0):
 garbage-first heap   total 450560K, used 208956K [0x0000000602800000, 0x0000000800000000)
  region size 4096K, 5 young (20480K), 5 survivors (20480K)
 Metaspace       used 78009K, committed 79104K, reserved 1179648K
  class space    used 11478K, committed 11968K, reserved 1048576K
}
Event: 6.254 GC heap before
{Heap before GC invocations=25 (full 0):
 garbage-first heap   total 450560K, used 401468K [0x0000000602800000, 0x0000000800000000)
  region size 4096K, 52 young (212992K), 5 survivors (20480K)
 Metaspace       used 85272K, committed 86400K, reserved 1179648K
  class space    used 12265K, committed 12800K, reserved 1048576K
}
Event: 6.258 GC heap after
{Heap after GC invocations=26 (full 0):
 garbage-first heap   total 450560K, used 211006K [0x0000000602800000, 0x0000000800000000)
  region size 4096K, 5 young (20480K), 5 survivors (20480K)
 Metaspace       used 85272K, committed 86400K, reserved 1179648K
  class space    used 12265K, committed 12800K, reserved 1048576K
}
Event: 6.499 GC heap before
{Heap before GC invocations=26 (full 0):
 garbage-first heap   total 450560K, used 399422K [0x0000000602800000, 0x0000000800000000)
  region size 4096K, 51 young (208896K), 5 survivors (20480K)
 Metaspace       used 89281K, committed 90496K, reserved 1179648K
  class space    used 12962K, committed 13504K, reserved 1048576K
}
Event: 6.504 GC heap after
{Heap after GC invocations=27 (full 0):
 garbage-first heap   total 450560K, used 226537K [0x0000000602800000, 0x0000000800000000)
  region size 4096K, 7 young (28672K), 7 survivors (28672K)
 Metaspace       used 89281K, committed 90496K, reserved 1179648K
  class space    used 12962K, committed 13504K, reserved 1048576K
}
Event: 6.595 GC heap before
{Heap before GC invocations=28 (full 0):
 garbage-first heap   total 499712K, used 386281K [0x0000000602800000, 0x0000000800000000)
  region size 4096K, 47 young (192512K), 7 survivors (28672K)
 Metaspace       used 89956K, committed 91200K, reserved 1179648K
  class space    used 13090K, committed 13632K, reserved 1048576K
}
Event: 6.600 GC heap after
{Heap after GC invocations=29 (full 0):
 garbage-first heap   total 499712K, used 232599K [0x0000000602800000, 0x0000000800000000)
  region size 4096K, 3 young (12288K), 3 survivors (12288K)
 Metaspace       used 89956K, committed 91200K, reserved 1179648K
  class space    used 13090K, committed 13632K, reserved 1048576K
}
Event: 6.802 GC heap before
{Heap before GC invocations=29 (full 0):
 garbage-first heap   total 499712K, used 437399K [0x0000000602800000, 0x0000000800000000)
  region size 4096K, 54 young (221184K), 3 survivors (12288K)
 Metaspace       used 90637K, committed 91840K, reserved 1179648K
  class space    used 13189K, committed 13760K, reserved 1048576K
}
Event: 6.806 GC heap after
{Heap after GC invocations=30 (full 0):
 garbage-first heap   total 499712K, used 246627K [0x0000000602800000, 0x0000000800000000)
  region size 4096K, 6 young (24576K), 6 survivors (24576K)
 Metaspace       used 90637K, committed 91840K, reserved 1179648K
  class space    used 13189K, committed 13760K, reserved 1048576K
}
Event: 6.968 GC heap before
{Heap before GC invocations=30 (full 0):
 garbage-first heap   total 499712K, used 443235K [0x0000000602800000, 0x0000000800000000)
  region size 4096K, 54 young (221184K), 6 survivors (24576K)
 Metaspace       used 91027K, committed 92224K, reserved 1179648K
  class space    used 13226K, committed 13760K, reserved 1048576K
}
Event: 6.973 GC heap after
{Heap after GC invocations=31 (full 0):
 garbage-first heap   total 655360K, used 257345K [0x0000000602800000, 0x0000000800000000)
  region size 4096K, 3 young (12288K), 3 survivors (12288K)
 Metaspace       used 91027K, committed 92224K, reserved 1179648K
  class space    used 13226K, committed 13760K, reserved 1048576K
}
Event: 15.719 GC heap before
{Heap before GC invocations=32 (full 0):
 garbage-first heap   total 655360K, used 576833K [0x0000000602800000, 0x0000000800000000)
  region size 4096K, 82 young (335872K), 3 survivors (12288K)
 Metaspace       used 96025K, committed 97344K, reserved 1179648K
  class space    used 13931K, committed 14528K, reserved 1048576K
}
Event: 15.728 GC heap after
{Heap after GC invocations=33 (full 0):
 garbage-first heap   total 655360K, used 301948K [0x0000000602800000, 0x0000000800000000)
  region size 4096K, 11 young (45056K), 11 survivors (45056K)
 Metaspace       used 96025K, committed 97344K, reserved 1179648K
  class space    used 13931K, committed 14528K, reserved 1048576K
}
Event: 16.102 GC heap before
{Heap before GC invocations=33 (full 0):
 garbage-first heap   total 655360K, used 551804K [0x0000000602800000, 0x0000000800000000)
  region size 4096K, 73 young (299008K), 11 survivors (45056K)
 Metaspace       used 98341K, committed 99712K, reserved 1179648K
  class space    used 14318K, committed 14912K, reserved 1048576K
}
Event: 16.110 GC heap after
{Heap after GC invocations=34 (full 0):
 garbage-first heap   total 655360K, used 312785K [0x0000000602800000, 0x0000000800000000)
  region size 4096K, 3 young (12288K), 3 survivors (12288K)
 Metaspace       used 98341K, committed 99712K, reserved 1179648K
  class space    used 14318K, committed 14912K, reserved 1048576K
}
Event: 16.358 GC heap before
{Heap before GC invocations=34 (full 0):
 garbage-first heap   total 655360K, used 566737K [0x0000000602800000, 0x0000000800000000)
  region size 4096K, 66 young (270336K), 3 survivors (12288K)
 Metaspace       used 102909K, committed 104256K, reserved 1179648K
  class space    used 15189K, committed 15808K, reserved 1048576K
}
Event: 16.362 GC heap after
{Heap after GC invocations=35 (full 0):
 garbage-first heap   total 655360K, used 320851K [0x0000000602800000, 0x0000000800000000)
  region size 4096K, 5 young (20480K), 5 survivors (20480K)
 Metaspace       used 102909K, committed 104256K, reserved 1179648K
  class space    used 15189K, committed 15808K, reserved 1048576K
}
Event: 16.690 GC heap before
{Heap before GC invocations=36 (full 0):
 garbage-first heap   total 655360K, used 582995K [0x0000000602800000, 0x0000000800000000)
  region size 4096K, 69 young (282624K), 5 survivors (20480K)
 Metaspace       used 104419K, committed 105728K, reserved 1179648K
  class space    used 15392K, committed 16000K, reserved 1048576K
}
Event: 16.695 GC heap after
{Heap after GC invocations=37 (full 0):
 garbage-first heap   total 655360K, used 326339K [0x0000000602800000, 0x0000000800000000)
  region size 4096K, 6 young (24576K), 6 survivors (24576K)
 Metaspace       used 104419K, committed 105728K, reserved 1179648K
  class space    used 15392K, committed 16000K, reserved 1048576K
}

