# JRE version: OpenJDK Runtime Environment (21.0.2+13) (build 21.0.2+13-58)
# Java VM: OpenJDK 64-Bit Server VM (21.0.2+13-58, mixed mode, sharing, tiered, compressed oops, compressed class ptrs, g1 gc, windows-amd64)
GC Precious Log:
 CardTable entry size: 512
 Card Set container configuration: InlinePtr #cards 4 size 8 Array Of Cards #cards 32 size 80 Howl #buckets 8 coarsen threshold 7372 Howl Bitmap #cards 1024 size 144 coarsen threshold 921 Card regions per heap region 1 cards per card region 8192
 CPUs: 32 total, 32 available
 Memory: 32605M
 Large Page Support: Disabled
 NUMA Support: Disabled
 Compressed Oops: Enabled (Zero based)
 Heap Region Size: 4M
 Heap Min Capacity: 8M
 Heap Initial Capacity: 512M
 Heap Max Capacity: 8152M
 Pre-touch: Disabled
 Parallel Workers: 23
 Concurrent Workers: 6
 Concurrent Refinement Workers: 23
 Periodic GC: Disabled
Heap:
 garbage-first heap   total 659456K, used 549507K [0x0000000602800000, 0x0000000800000000)
  region size 4096K, 62 young (253952K), 4 survivors (16384K)
 Metaspace       used 105562K, committed 106880K, reserved 1179648K
  class space    used 15634K, committed 16256K, reserved 1048576K
GC Heap History (20 events):
Event: 6.598 GC heap before
{Heap before GC invocations=22 (full 0):
 garbage-first heap   total 491520K, used 444925K [0x0000000602800000, 0x0000000800000000)
  region size 4096K, 62 young (253952K), 5 survivors (20480K)
 Metaspace       used 87965K, committed 89152K, reserved 1179648K
  class space    used 12816K, committed 13312K, reserved 1048576K
}
Event: 6.604 GC heap after
{Heap after GC invocations=23 (full 0):
 garbage-first heap   total 491520K, used 221565K [0x0000000602800000, 0x0000000800000000)
  region size 4096K, 5 young (20480K), 5 survivors (20480K)
 Metaspace       used 87965K, committed 89152K, reserved 1179648K
  class space    used 12816K, committed 13312K, reserved 1048576K
}
Event: 6.730 GC heap before
{Heap before GC invocations=23 (full 0):
 garbage-first heap   total 491520K, used 438653K [0x0000000602800000, 0x0000000800000000)
  region size 4096K, 59 young (241664K), 5 survivors (20480K)
 Metaspace       used 89357K, committed 90688K, reserved 1179648K
  class space    used 13077K, committed 13696K, reserved 1048576K
}
Event: 6.734 GC heap after
{Heap after GC invocations=24 (full 0):
 garbage-first heap   total 491520K, used 234032K [0x0000000602800000, 0x0000000800000000)
  region size 4096K, 8 young (32768K), 8 survivors (32768K)
 Metaspace       used 89357K, committed 90688K, reserved 1179648K
  class space    used 13077K, committed 13696K, reserved 1048576K
}
Event: 6.956 GC heap before
{Heap before GC invocations=25 (full 0):
 garbage-first heap   total 491520K, used 426544K [0x0000000602800000, 0x0000000800000000)
  region size 4096K, 56 young (229376K), 8 survivors (32768K)
 Metaspace       used 89884K, committed 91136K, reserved 1179648K
  class space    used 13171K, committed 13760K, reserved 1048576K
}
Event: 6.961 GC heap after
{Heap after GC invocations=26 (full 0):
 garbage-first heap   total 491520K, used 246520K [0x0000000602800000, 0x0000000800000000)
  region size 4096K, 7 young (28672K), 7 survivors (28672K)
 Metaspace       used 89884K, committed 91136K, reserved 1179648K
  class space    used 13171K, committed 13760K, reserved 1048576K
}
Event: 7.090 GC heap before
{Heap before GC invocations=26 (full 0):
 garbage-first heap   total 491520K, used 434936K [0x0000000602800000, 0x0000000800000000)
  region size 4096K, 53 young (217088K), 7 survivors (28672K)
 Metaspace       used 90145K, committed 91392K, reserved 1179648K
  class space    used 13198K, committed 13760K, reserved 1048576K
}
Event: 7.094 GC heap after
{Heap after GC invocations=27 (full 0):
 garbage-first heap   total 491520K, used 250939K [0x0000000602800000, 0x0000000800000000)
  region size 4096K, 6 young (24576K), 6 survivors (24576K)
 Metaspace       used 90145K, committed 91392K, reserved 1179648K
  class space    used 13198K, committed 13760K, reserved 1048576K
}
Event: 7.238 GC heap before
{Heap before GC invocations=27 (full 0):
 garbage-first heap   total 491520K, used 435259K [0x0000000602800000, 0x0000000800000000)
  region size 4096K, 51 young (208896K), 6 survivors (24576K)
 Metaspace       used 90310K, committed 91648K, reserved 1179648K
  class space    used 13210K, committed 13824K, reserved 1048576K
}
Event: 7.247 GC heap after
{Heap after GC invocations=28 (full 0):
 garbage-first heap   total 499712K, used 287583K [0x0000000602800000, 0x0000000800000000)
  region size 4096K, 7 young (28672K), 7 survivors (28672K)
 Metaspace       used 90310K, committed 91648K, reserved 1179648K
  class space    used 13210K, committed 13824K, reserved 1048576K
}
Event: 12.834 GC heap before
{Heap before GC invocations=29 (full 0):
 garbage-first heap   total 528384K, used 435039K [0x0000000602800000, 0x0000000800000000)
  region size 4096K, 44 young (180224K), 7 survivors (28672K)
 Metaspace       used 94243K, committed 95488K, reserved 1179648K
  class space    used 13756K, committed 14336K, reserved 1048576K
}
Event: 12.840 GC heap after
{Heap after GC invocations=30 (full 0):
 garbage-first heap   total 528384K, used 307064K [0x0000000602800000, 0x0000000800000000)
  region size 4096K, 4 young (16384K), 4 survivors (16384K)
 Metaspace       used 94243K, committed 95488K, reserved 1179648K
  class space    used 13756K, committed 14336K, reserved 1048576K
}
Event: 16.240 GC heap before
{Heap before GC invocations=30 (full 0):
 garbage-first heap   total 528384K, used 470904K [0x0000000602800000, 0x0000000800000000)
  region size 4096K, 44 young (180224K), 4 survivors (16384K)
 Metaspace       used 96268K, committed 97536K, reserved 1179648K
  class space    used 14073K, committed 14656K, reserved 1048576K
}
Event: 16.244 GC heap after
{Heap after GC invocations=31 (full 0):
 garbage-first heap   total 528384K, used 310985K [0x0000000602800000, 0x0000000800000000)
  region size 4096K, 2 young (8192K), 2 survivors (8192K)
 Metaspace       used 96268K, committed 97536K, reserved 1179648K
  class space    used 14073K, committed 14656K, reserved 1048576K
}
Event: 16.502 GC heap before
{Heap before GC invocations=31 (full 0):
 garbage-first heap   total 528384K, used 470729K [0x0000000602800000, 0x0000000800000000)
  region size 4096K, 42 young (172032K), 2 survivors (8192K)
 Metaspace       used 99741K, committed 100992K, reserved 1179648K
  class space    used 14750K, committed 15296K, reserved 1048576K
}
Event: 16.504 GC heap after
{Heap after GC invocations=32 (full 0):
 garbage-first heap   total 528384K, used 313931K [0x0000000602800000, 0x0000000800000000)
  region size 4096K, 3 young (12288K), 3 survivors (12288K)
 Metaspace       used 99741K, committed 100992K, reserved 1179648K
  class space    used 14750K, committed 15296K, reserved 1048576K
}
Event: 16.649 GC heap before
{Heap before GC invocations=33 (full 0):
 garbage-first heap   total 548864K, used 473675K [0x0000000602800000, 0x0000000800000000)
  region size 4096K, 43 young (176128K), 3 survivors (12288K)
 Metaspace       used 101412K, committed 102656K, reserved 1179648K
  class space    used 15040K, committed 15616K, reserved 1048576K
}
Event: 16.651 GC heap after
{Heap after GC invocations=34 (full 0):
 garbage-first heap   total 548864K, used 321900K [0x0000000602800000, 0x0000000800000000)
  region size 4096K, 5 young (20480K), 5 survivors (20480K)
 Metaspace       used 101412K, committed 102656K, reserved 1179648K
  class space    used 15040K, committed 15616K, reserved 1048576K
}
Event: 16.786 GC heap before
{Heap before GC invocations=34 (full 0):
 garbage-first heap   total 548864K, used 489836K [0x0000000602800000, 0x0000000800000000)
  region size 4096K, 46 young (188416K), 5 survivors (20480K)
 Metaspace       used 102206K, committed 103488K, reserved 1179648K
  class space    used 15186K, committed 15808K, reserved 1048576K
}
Event: 16.791 GC heap after
{Heap after GC invocations=35 (full 0):
 garbage-first heap   total 659456K, used 316035K [0x0000000602800000, 0x0000000800000000)
  region size 4096K, 4 young (16384K), 4 survivors (16384K)
 Metaspace       used 102206K, committed 103488K, reserved 1179648K
  class space    used 15186K, committed 15808K, reserved 1048576K
}

